C:\Users\akurd\PycharmProjects\training\venv\Scripts\python.exe "C:\Program Files\JetBrains\PyCharm Community Edition 2021.2.2\plugins\python-ce\helpers\pycharm\_jb_pytest_runner.py" --target test_add_group.py::UntitledTestCase
Testing started at 1:16 PM ...
C:\Program Files\JetBrains\PyCharm Community Edition 2021.2.2\plugins\python-ce\helpers\pycharm\_jb_pytest_runner.py:6: DeprecationWarning: The distutils package is deprecated and slated for removal in Python 3.12. Use setuptools or check PEP 632 for potential alternatives
  from distutils import version
Launching pytest with arguments test_add_group.py::UntitledTestCase --no-header --no-summary -q in C:\Users\akurd\PycharmProjects\Python_training

============================= test session starts =============================
collecting ... collected 1 item

test_add_group.py::UntitledTestCase::test_untitled_test_case FAILED      [100%]
test_add_group.py:14 (UntitledTestCase.test_untitled_test_case)
self = <test_add_group.UntitledTestCase testMethod=test_untitled_test_case>

    def setUp(self):
>       self.wd = webdriver.Chrome()

test_add_group.py:11: 
_ _ _ _ _ _ _ _ _ _ _ _ _ _ _ _ _ _ _ _ _ _ _ _ _ _ _ _ _ _ _ _ _ _ _ _ _ _ _ _
..\training\venv\lib\site-packages\selenium\webdriver\chrome\webdriver.py:70: in __init__
    super(WebDriver, self).__init__(DesiredCapabilities.CHROME['browserName'], "goog",
..\training\venv\lib\site-packages\selenium\webdriver\chromium\webdriver.py:93: in __init__
    RemoteWebDriver.__init__(
..\training\venv\lib\site-packages\selenium\webdriver\remote\webdriver.py:269: in __init__
    self.start_session(capabilities, browser_profile)
..\training\venv\lib\site-packages\selenium\webdriver\remote\webdriver.py:360: in start_session
    response = self.execute(Command.NEW_SESSION, parameters)
..\training\venv\lib\site-packages\selenium\webdriver\remote\webdriver.py:425: in execute
    self.error_handler.check_response(response)
_ _ _ _ _ _ _ _ _ _ _ _ _ _ _ _ _ _ _ _ _ _ _ _ _ _ _ _ _ _ _ _ _ _ _ _ _ _ _ _

self = <selenium.webdriver.remote.errorhandler.ErrorHandler object at 0x0000021A8E5743D0>
response = {'status': 500, 'value': '{"value":{"error":"session not created","message":"session not created: This version of Chro...\n\\tRtlGetAppContainerNamedObjectPath [0x77B07A7E+286]\\n\\tRtlGetAppContainerNamedObjectPath [0x77B07A4E+238]\\n"}}'}

    def check_response(self, response: Dict[str, Any]) -> None:
        """
        Checks that a JSON response from the WebDriver does not have an error.
    
        :Args:
         - response - The JSON response from the WebDriver server as a dictionary
           object.
    
        :Raises: If the response contains an error message.
        """
        status = response.get('status', None)
        if not status or status == ErrorCode.SUCCESS:
            return
        value = None
        message = response.get("message", "")
        screen: str = response.get("screen", "")
        stacktrace = None
        if isinstance(status, int):
            value_json = response.get('value', None)
            if value_json and isinstance(value_json, str):
                import json
                try:
                    value = json.loads(value_json)
                    if len(value.keys()) == 1:
                        value = value['value']
                    status = value.get('error', None)
                    if not status:
                        status = value.get("status", ErrorCode.UNKNOWN_ERROR)
                        message = value.get("value") or value.get("message")
                        if not isinstance(message, str):
                            value = message
                            message = message.get('message')
                    else:
                        message = value.get('message', None)
                except ValueError:
                    pass
    
        exception_class: Type[WebDriverException]
        if status in ErrorCode.NO_SUCH_ELEMENT:
            exception_class = NoSuchElementException
        elif status in ErrorCode.NO_SUCH_FRAME:
            exception_class = NoSuchFrameException
        elif status in ErrorCode.NO_SUCH_SHADOW_ROOT:
            exception_class = NoSuchShadowRootException
        elif status in ErrorCode.NO_SUCH_WINDOW:
            exception_class = NoSuchWindowException
        elif status in ErrorCode.STALE_ELEMENT_REFERENCE:
            exception_class = StaleElementReferenceException
        elif status in ErrorCode.ELEMENT_NOT_VISIBLE:
            exception_class = ElementNotVisibleException
        elif status in ErrorCode.INVALID_ELEMENT_STATE:
            exception_class = InvalidElementStateException
        elif status in ErrorCode.INVALID_SELECTOR \
                or status in ErrorCode.INVALID_XPATH_SELECTOR \
                or status in ErrorCode.INVALID_XPATH_SELECTOR_RETURN_TYPER:
            exception_class = InvalidSelectorException
        elif status in ErrorCode.ELEMENT_IS_NOT_SELECTABLE:
            exception_class = ElementNotSelectableException
        elif status in ErrorCode.ELEMENT_NOT_INTERACTABLE:
            exception_class = ElementNotInteractableException
        elif status in ErrorCode.INVALID_COOKIE_DOMAIN:
            exception_class = InvalidCookieDomainException
        elif status in ErrorCode.UNABLE_TO_SET_COOKIE:
            exception_class = UnableToSetCookieException
        elif status in ErrorCode.TIMEOUT:
            exception_class = TimeoutException
        elif status in ErrorCode.SCRIPT_TIMEOUT:
            exception_class = TimeoutException
        elif status in ErrorCode.UNKNOWN_ERROR:
            exception_class = WebDriverException
        elif status in ErrorCode.UNEXPECTED_ALERT_OPEN:
            exception_class = UnexpectedAlertPresentException
        elif status in ErrorCode.NO_ALERT_OPEN:
            exception_class = NoAlertPresentException
        elif status in ErrorCode.IME_NOT_AVAILABLE:
            exception_class = ImeNotAvailableException
        elif status in ErrorCode.IME_ENGINE_ACTIVATION_FAILED:
            exception_class = ImeActivationFailedException
        elif status in ErrorCode.MOVE_TARGET_OUT_OF_BOUNDS:
            exception_class = MoveTargetOutOfBoundsException
        elif status in ErrorCode.JAVASCRIPT_ERROR:
            exception_class = JavascriptException
        elif status in ErrorCode.SESSION_NOT_CREATED:
            exception_class = SessionNotCreatedException
        elif status in ErrorCode.INVALID_ARGUMENT:
            exception_class = InvalidArgumentException
        elif status in ErrorCode.NO_SUCH_COOKIE:
            exception_class = NoSuchCookieException
        elif status in ErrorCode.UNABLE_TO_CAPTURE_SCREEN:
            exception_class = ScreenshotException
        elif status in ErrorCode.ELEMENT_CLICK_INTERCEPTED:
            exception_class = ElementClickInterceptedException
        elif status in ErrorCode.INSECURE_CERTIFICATE:
            exception_class = InsecureCertificateException
        elif status in ErrorCode.INVALID_COORDINATES:
            exception_class = InvalidCoordinatesException
        elif status in ErrorCode.INVALID_SESSION_ID:
            exception_class = InvalidSessionIdException
        elif status in ErrorCode.UNKNOWN_METHOD:
            exception_class = UnknownMethodException
        else:
            exception_class = WebDriverException
        if not value:
            value = response['value']
        if isinstance(value, str):
            raise exception_class(value)
        if message == "" and 'message' in value:
            message = value['message']
    
        screen = None  # type: ignore[assignment]
        if 'screen' in value:
            screen = value['screen']
    
        stacktrace = None
        st_value = value.get('stackTrace') or value.get('stacktrace')
        if st_value:
            if isinstance(st_value, str):
                stacktrace = st_value.split('\n')
            else:
                stacktrace = []
                try:
                    for frame in st_value:
                        line = self._value_or_default(frame, 'lineNumber', '')
                        file = self._value_or_default(frame, 'fileName', '<anonymous>')
                        if line:
                            file = "%s:%s" % (file, line)
                        meth = self._value_or_default(frame, 'methodName', '<anonymous>')
                        if 'className' in frame:
                            meth = "%s.%s" % (frame['className'], meth)
                        msg = "    at %s (%s)"
                        msg = msg % (meth, file)
                        stacktrace.append(msg)
                except TypeError:
                    pass
        if exception_class == UnexpectedAlertPresentException:
            alert_text = None
            if 'data' in value:
                alert_text = value['data'].get('text')
            elif 'alert' in value:
                alert_text = value['alert'].get('text')
            raise exception_class(message, screen, stacktrace, alert_text)  # type: ignore[call-arg]  # mypy is not smart enough here
>       raise exception_class(message, screen, stacktrace)
E       selenium.common.exceptions.SessionNotCreatedException: Message: session not created: This version of ChromeDriver only supports Chrome version 98
E       Current browser version is 100.0.4896.88 with binary path C:\Program Files\Google\Chrome\Application\chrome.exe
E       Stacktrace:
E       Backtrace:
E       	Ordinal0 [0x007F7AC3+2587331]
E       	Ordinal0 [0x0078ADD1+2141649]
E       	Ordinal0 [0x00683BB8+1063864]
E       	Ordinal0 [0x006A3638+1193528]
E       	Ordinal0 [0x0069F4B5+1176757]
E       	Ordinal0 [0x0069CC51+1166417]
E       	Ordinal0 [0x006CD12F+1364271]
E       	Ordinal0 [0x006CCD5A+1363290]
E       	Ordinal0 [0x006C84A6+1344678]
E       	Ordinal0 [0x006A53F6+1201142]
E       	Ordinal0 [0x006A62E6+1204966]
E       	GetHandleVerifier [0x0099DF22+1680738]
E       	GetHandleVerifier [0x00A50DBC+2413564]
E       	GetHandleVerifier [0x0088D151+563089]
E       	GetHandleVerifier [0x0088BF13+558419]
E       	Ordinal0 [0x0079081E+2164766]
E       	Ordinal0 [0x00795508+2184456]
E       	Ordinal0 [0x00795650+2184784]
E       	Ordinal0 [0x0079F5BC+2225596]
E       	BaseThreadInitThunk [0x75ACFA29+25]
E       	RtlGetAppContainerNamedObjectPath [0x77B07A7E+286]
E       	RtlGetAppContainerNamedObjectPath [0x77B07A4E+238]

..\training\venv\lib\site-packages\selenium\webdriver\remote\errorhandler.py:247: SessionNotCreatedException
